

================================================================
== Vivado HLS Report for 'capture_objects'
================================================================
* Date:           Mon Aug 10 07:29:29 2020

* Version:        2018.2 (Build 2258646 on Thu Jun 14 20:25:20 MDT 2018)
* Project:        proj
* Solution:       solution1
* Product family: virtex7
* Target device:  xc7vx690tffg1927-2


================================================================
== Performance Estimates
================================================================
+ Timing (ns): 
    * Summary: 
    +--------+-------+----------+------------+
    |  Clock | Target| Estimated| Uncertainty|
    +--------+-------+----------+------------+
    |ap_clk  |   8.33|     0.000|        1.04|
    +--------+-------+----------+------------+

+ Latency (clock cycles): 
    * Summary: 
    +-----+-----+-----+-----+----------+
    |  Latency  |  Interval | Pipeline |
    | min | max | min | max |   Type   |
    +-----+-----+-----+-----+----------+
    |    0|    0|    1|    1| function |
    +-----+-----+-----+-----+----------+

    + Detail: 
        * Instance: 
        N/A

        * Loop: 
        N/A

============================================================
+ Verbose Summary: Synthesis Manager
============================================================
InlineROM: 1
ExposeGlobal: 0
============================================================
+ Verbose Summary: CDFG Model
============================================================
IsTopModel: 0
ResetActiveHigh: 1
IsCombinational: 0
IsDatapathOnly: 0
HasWiredReturn: 1
HasMFsm: 2
HasVarLatency: 0
IsPipeline: 1
IsRtlPipelined: 0
IsInstanceOverlapped: 0
IsDontTouch: 0
HasImplIP: 0
IsGatedGlobalClock: 0

+ Individual pipeline summary: 
  * Pipeline-0: initiation interval (II) = 1, depth = 1


============================================================
+ Verbose Summary: Schedule
============================================================
* Number of FSM states : 1
* Pipeline : 1
  Pipeline-0 : II = 1, D = 1, States = { 1 }
* Dataflow Pipeline: 0

* FSM state transitions: 
1 --> 

* FSM state operations: 

State 1 <SV = 0> <Delay = 0.00>
ST_1 : Operation 2 [1/1] (0.00ns)   --->   "%link_in_11_V_read_1 = call i192 @_ssdm_op_Read.ap_auto.i192(i192 %link_in_11_V_read)"   --->   Operation 2 'read' 'link_in_11_V_read_1' <Predicate = true> <Delay = 0.00>
ST_1 : Operation 3 [1/1] (0.00ns)   --->   "%link_in_10_V_read_1 = call i192 @_ssdm_op_Read.ap_auto.i192(i192 %link_in_10_V_read)"   --->   Operation 3 'read' 'link_in_10_V_read_1' <Predicate = true> <Delay = 0.00>
ST_1 : Operation 4 [1/1] (0.00ns)   --->   "%link_in_9_V_read_1 = call i192 @_ssdm_op_Read.ap_auto.i192(i192 %link_in_9_V_read)"   --->   Operation 4 'read' 'link_in_9_V_read_1' <Predicate = true> <Delay = 0.00>
ST_1 : Operation 5 [1/1] (0.00ns)   --->   "%link_in_8_V_read_1 = call i192 @_ssdm_op_Read.ap_auto.i192(i192 %link_in_8_V_read)"   --->   Operation 5 'read' 'link_in_8_V_read_1' <Predicate = true> <Delay = 0.00>
ST_1 : Operation 6 [1/1] (0.00ns)   --->   "%link_in_7_V_read_1 = call i192 @_ssdm_op_Read.ap_auto.i192(i192 %link_in_7_V_read)"   --->   Operation 6 'read' 'link_in_7_V_read_1' <Predicate = true> <Delay = 0.00>
ST_1 : Operation 7 [1/1] (0.00ns)   --->   "%link_in_6_V_read_1 = call i192 @_ssdm_op_Read.ap_auto.i192(i192 %link_in_6_V_read)"   --->   Operation 7 'read' 'link_in_6_V_read_1' <Predicate = true> <Delay = 0.00>
ST_1 : Operation 8 [1/1] (0.00ns)   --->   "%link_in_5_V_read_1 = call i192 @_ssdm_op_Read.ap_auto.i192(i192 %link_in_5_V_read)"   --->   Operation 8 'read' 'link_in_5_V_read_1' <Predicate = true> <Delay = 0.00>
ST_1 : Operation 9 [1/1] (0.00ns)   --->   "%link_in_4_V_read_1 = call i192 @_ssdm_op_Read.ap_auto.i192(i192 %link_in_4_V_read)"   --->   Operation 9 'read' 'link_in_4_V_read_1' <Predicate = true> <Delay = 0.00>
ST_1 : Operation 10 [1/1] (0.00ns)   --->   "%link_in_3_V_read_1 = call i192 @_ssdm_op_Read.ap_auto.i192(i192 %link_in_3_V_read)"   --->   Operation 10 'read' 'link_in_3_V_read_1' <Predicate = true> <Delay = 0.00>
ST_1 : Operation 11 [1/1] (0.00ns)   --->   "%link_in_2_V_read_1 = call i192 @_ssdm_op_Read.ap_auto.i192(i192 %link_in_2_V_read)"   --->   Operation 11 'read' 'link_in_2_V_read_1' <Predicate = true> <Delay = 0.00>
ST_1 : Operation 12 [1/1] (0.00ns)   --->   "%link_in_1_V_read_1 = call i192 @_ssdm_op_Read.ap_auto.i192(i192 %link_in_1_V_read)"   --->   Operation 12 'read' 'link_in_1_V_read_1' <Predicate = true> <Delay = 0.00>
ST_1 : Operation 13 [1/1] (0.00ns)   --->   "%link_in_0_V_read_1 = call i192 @_ssdm_op_Read.ap_auto.i192(i192 %link_in_0_V_read)"   --->   Operation 13 'read' 'link_in_0_V_read_1' <Predicate = true> <Delay = 0.00>
ST_1 : Operation 14 [1/1] (0.00ns)   --->   "%array_objects_0_V_w = call i10 @_ssdm_op_PartSelect.i10.i192.i32.i32(i192 %link_in_0_V_read_1, i32 32, i32 41)" [src/algo_unpacked.cpp:28]   --->   Operation 14 'partselect' 'array_objects_0_V_w' <Predicate = true> <Delay = 0.00>
ST_1 : Operation 15 [1/1] (0.00ns)   --->   "%array_objects_1_V_w = call i10 @_ssdm_op_PartSelect.i10.i192.i32.i32(i192 %link_in_0_V_read_1, i32 64, i32 73)" [src/algo_unpacked.cpp:29]   --->   Operation 15 'partselect' 'array_objects_1_V_w' <Predicate = true> <Delay = 0.00>
ST_1 : Operation 16 [1/1] (0.00ns)   --->   "%array_objects_2_V_w = call i10 @_ssdm_op_PartSelect.i10.i192.i32.i32(i192 %link_in_0_V_read_1, i32 96, i32 105)" [src/algo_unpacked.cpp:30]   --->   Operation 16 'partselect' 'array_objects_2_V_w' <Predicate = true> <Delay = 0.00>
ST_1 : Operation 17 [1/1] (0.00ns)   --->   "%array_objects_3_V_w = call i10 @_ssdm_op_PartSelect.i10.i192.i32.i32(i192 %link_in_0_V_read_1, i32 128, i32 137)" [src/algo_unpacked.cpp:31]   --->   Operation 17 'partselect' 'array_objects_3_V_w' <Predicate = true> <Delay = 0.00>
ST_1 : Operation 18 [1/1] (0.00ns)   --->   "%array_objects_4_V_w = call i10 @_ssdm_op_PartSelect.i10.i192.i32.i32(i192 %link_in_0_V_read_1, i32 160, i32 169)" [src/algo_unpacked.cpp:32]   --->   Operation 18 'partselect' 'array_objects_4_V_w' <Predicate = true> <Delay = 0.00>
ST_1 : Operation 19 [1/1] (0.00ns)   --->   "%array_objects_5_V_w = call i10 @_ssdm_op_PartSelect.i10.i192.i32.i32(i192 %link_in_1_V_read_1, i32 32, i32 41)" [src/algo_unpacked.cpp:28]   --->   Operation 19 'partselect' 'array_objects_5_V_w' <Predicate = true> <Delay = 0.00>
ST_1 : Operation 20 [1/1] (0.00ns)   --->   "%array_objects_6_V_w = call i10 @_ssdm_op_PartSelect.i10.i192.i32.i32(i192 %link_in_1_V_read_1, i32 64, i32 73)" [src/algo_unpacked.cpp:29]   --->   Operation 20 'partselect' 'array_objects_6_V_w' <Predicate = true> <Delay = 0.00>
ST_1 : Operation 21 [1/1] (0.00ns)   --->   "%array_objects_7_V_w = call i10 @_ssdm_op_PartSelect.i10.i192.i32.i32(i192 %link_in_1_V_read_1, i32 96, i32 105)" [src/algo_unpacked.cpp:30]   --->   Operation 21 'partselect' 'array_objects_7_V_w' <Predicate = true> <Delay = 0.00>
ST_1 : Operation 22 [1/1] (0.00ns)   --->   "%array_objects_8_V_w = call i10 @_ssdm_op_PartSelect.i10.i192.i32.i32(i192 %link_in_1_V_read_1, i32 128, i32 137)" [src/algo_unpacked.cpp:31]   --->   Operation 22 'partselect' 'array_objects_8_V_w' <Predicate = true> <Delay = 0.00>
ST_1 : Operation 23 [1/1] (0.00ns)   --->   "%array_objects_9_V_w = call i10 @_ssdm_op_PartSelect.i10.i192.i32.i32(i192 %link_in_1_V_read_1, i32 160, i32 169)" [src/algo_unpacked.cpp:32]   --->   Operation 23 'partselect' 'array_objects_9_V_w' <Predicate = true> <Delay = 0.00>
ST_1 : Operation 24 [1/1] (0.00ns)   --->   "%array_objects_10_V_s = call i10 @_ssdm_op_PartSelect.i10.i192.i32.i32(i192 %link_in_2_V_read_1, i32 32, i32 41)" [src/algo_unpacked.cpp:28]   --->   Operation 24 'partselect' 'array_objects_10_V_s' <Predicate = true> <Delay = 0.00>
ST_1 : Operation 25 [1/1] (0.00ns)   --->   "%array_objects_11_V_s = call i10 @_ssdm_op_PartSelect.i10.i192.i32.i32(i192 %link_in_2_V_read_1, i32 64, i32 73)" [src/algo_unpacked.cpp:29]   --->   Operation 25 'partselect' 'array_objects_11_V_s' <Predicate = true> <Delay = 0.00>
ST_1 : Operation 26 [1/1] (0.00ns)   --->   "%array_objects_12_V_s = call i10 @_ssdm_op_PartSelect.i10.i192.i32.i32(i192 %link_in_2_V_read_1, i32 96, i32 105)" [src/algo_unpacked.cpp:30]   --->   Operation 26 'partselect' 'array_objects_12_V_s' <Predicate = true> <Delay = 0.00>
ST_1 : Operation 27 [1/1] (0.00ns)   --->   "%array_objects_13_V_s = call i10 @_ssdm_op_PartSelect.i10.i192.i32.i32(i192 %link_in_2_V_read_1, i32 128, i32 137)" [src/algo_unpacked.cpp:31]   --->   Operation 27 'partselect' 'array_objects_13_V_s' <Predicate = true> <Delay = 0.00>
ST_1 : Operation 28 [1/1] (0.00ns)   --->   "%array_objects_14_V_s = call i10 @_ssdm_op_PartSelect.i10.i192.i32.i32(i192 %link_in_2_V_read_1, i32 160, i32 169)" [src/algo_unpacked.cpp:32]   --->   Operation 28 'partselect' 'array_objects_14_V_s' <Predicate = true> <Delay = 0.00>
ST_1 : Operation 29 [1/1] (0.00ns)   --->   "%array_objects_15_V_s = call i10 @_ssdm_op_PartSelect.i10.i192.i32.i32(i192 %link_in_3_V_read_1, i32 32, i32 41)" [src/algo_unpacked.cpp:28]   --->   Operation 29 'partselect' 'array_objects_15_V_s' <Predicate = true> <Delay = 0.00>
ST_1 : Operation 30 [1/1] (0.00ns)   --->   "%array_objects_16_V_s = call i10 @_ssdm_op_PartSelect.i10.i192.i32.i32(i192 %link_in_3_V_read_1, i32 64, i32 73)" [src/algo_unpacked.cpp:29]   --->   Operation 30 'partselect' 'array_objects_16_V_s' <Predicate = true> <Delay = 0.00>
ST_1 : Operation 31 [1/1] (0.00ns)   --->   "%array_objects_17_V_s = call i10 @_ssdm_op_PartSelect.i10.i192.i32.i32(i192 %link_in_3_V_read_1, i32 96, i32 105)" [src/algo_unpacked.cpp:30]   --->   Operation 31 'partselect' 'array_objects_17_V_s' <Predicate = true> <Delay = 0.00>
ST_1 : Operation 32 [1/1] (0.00ns)   --->   "%array_objects_18_V_s = call i10 @_ssdm_op_PartSelect.i10.i192.i32.i32(i192 %link_in_3_V_read_1, i32 128, i32 137)" [src/algo_unpacked.cpp:31]   --->   Operation 32 'partselect' 'array_objects_18_V_s' <Predicate = true> <Delay = 0.00>
ST_1 : Operation 33 [1/1] (0.00ns)   --->   "%array_objects_19_V_s = call i10 @_ssdm_op_PartSelect.i10.i192.i32.i32(i192 %link_in_3_V_read_1, i32 160, i32 169)" [src/algo_unpacked.cpp:32]   --->   Operation 33 'partselect' 'array_objects_19_V_s' <Predicate = true> <Delay = 0.00>
ST_1 : Operation 34 [1/1] (0.00ns)   --->   "%array_objects_20_V_s = call i10 @_ssdm_op_PartSelect.i10.i192.i32.i32(i192 %link_in_4_V_read_1, i32 32, i32 41)" [src/algo_unpacked.cpp:28]   --->   Operation 34 'partselect' 'array_objects_20_V_s' <Predicate = true> <Delay = 0.00>
ST_1 : Operation 35 [1/1] (0.00ns)   --->   "%array_objects_21_V_s = call i10 @_ssdm_op_PartSelect.i10.i192.i32.i32(i192 %link_in_4_V_read_1, i32 64, i32 73)" [src/algo_unpacked.cpp:29]   --->   Operation 35 'partselect' 'array_objects_21_V_s' <Predicate = true> <Delay = 0.00>
ST_1 : Operation 36 [1/1] (0.00ns)   --->   "%array_objects_22_V_s = call i10 @_ssdm_op_PartSelect.i10.i192.i32.i32(i192 %link_in_4_V_read_1, i32 96, i32 105)" [src/algo_unpacked.cpp:30]   --->   Operation 36 'partselect' 'array_objects_22_V_s' <Predicate = true> <Delay = 0.00>
ST_1 : Operation 37 [1/1] (0.00ns)   --->   "%array_objects_23_V_s = call i10 @_ssdm_op_PartSelect.i10.i192.i32.i32(i192 %link_in_4_V_read_1, i32 128, i32 137)" [src/algo_unpacked.cpp:31]   --->   Operation 37 'partselect' 'array_objects_23_V_s' <Predicate = true> <Delay = 0.00>
ST_1 : Operation 38 [1/1] (0.00ns)   --->   "%array_objects_24_V_s = call i10 @_ssdm_op_PartSelect.i10.i192.i32.i32(i192 %link_in_4_V_read_1, i32 160, i32 169)" [src/algo_unpacked.cpp:32]   --->   Operation 38 'partselect' 'array_objects_24_V_s' <Predicate = true> <Delay = 0.00>
ST_1 : Operation 39 [1/1] (0.00ns)   --->   "%array_objects_25_V_s = call i10 @_ssdm_op_PartSelect.i10.i192.i32.i32(i192 %link_in_5_V_read_1, i32 32, i32 41)" [src/algo_unpacked.cpp:28]   --->   Operation 39 'partselect' 'array_objects_25_V_s' <Predicate = true> <Delay = 0.00>
ST_1 : Operation 40 [1/1] (0.00ns)   --->   "%array_objects_26_V_s = call i10 @_ssdm_op_PartSelect.i10.i192.i32.i32(i192 %link_in_5_V_read_1, i32 64, i32 73)" [src/algo_unpacked.cpp:29]   --->   Operation 40 'partselect' 'array_objects_26_V_s' <Predicate = true> <Delay = 0.00>
ST_1 : Operation 41 [1/1] (0.00ns)   --->   "%array_objects_27_V_s = call i10 @_ssdm_op_PartSelect.i10.i192.i32.i32(i192 %link_in_5_V_read_1, i32 96, i32 105)" [src/algo_unpacked.cpp:30]   --->   Operation 41 'partselect' 'array_objects_27_V_s' <Predicate = true> <Delay = 0.00>
ST_1 : Operation 42 [1/1] (0.00ns)   --->   "%array_objects_28_V_s = call i10 @_ssdm_op_PartSelect.i10.i192.i32.i32(i192 %link_in_5_V_read_1, i32 128, i32 137)" [src/algo_unpacked.cpp:31]   --->   Operation 42 'partselect' 'array_objects_28_V_s' <Predicate = true> <Delay = 0.00>
ST_1 : Operation 43 [1/1] (0.00ns)   --->   "%array_objects_29_V_s = call i10 @_ssdm_op_PartSelect.i10.i192.i32.i32(i192 %link_in_5_V_read_1, i32 160, i32 169)" [src/algo_unpacked.cpp:32]   --->   Operation 43 'partselect' 'array_objects_29_V_s' <Predicate = true> <Delay = 0.00>
ST_1 : Operation 44 [1/1] (0.00ns)   --->   "%array_objects_30_V_s = call i10 @_ssdm_op_PartSelect.i10.i192.i32.i32(i192 %link_in_6_V_read_1, i32 32, i32 41)" [src/algo_unpacked.cpp:28]   --->   Operation 44 'partselect' 'array_objects_30_V_s' <Predicate = true> <Delay = 0.00>
ST_1 : Operation 45 [1/1] (0.00ns)   --->   "%array_objects_31_V_s = call i10 @_ssdm_op_PartSelect.i10.i192.i32.i32(i192 %link_in_6_V_read_1, i32 64, i32 73)" [src/algo_unpacked.cpp:29]   --->   Operation 45 'partselect' 'array_objects_31_V_s' <Predicate = true> <Delay = 0.00>
ST_1 : Operation 46 [1/1] (0.00ns)   --->   "%array_objects_32_V_s = call i10 @_ssdm_op_PartSelect.i10.i192.i32.i32(i192 %link_in_6_V_read_1, i32 96, i32 105)" [src/algo_unpacked.cpp:30]   --->   Operation 46 'partselect' 'array_objects_32_V_s' <Predicate = true> <Delay = 0.00>
ST_1 : Operation 47 [1/1] (0.00ns)   --->   "%array_objects_33_V_s = call i10 @_ssdm_op_PartSelect.i10.i192.i32.i32(i192 %link_in_6_V_read_1, i32 128, i32 137)" [src/algo_unpacked.cpp:31]   --->   Operation 47 'partselect' 'array_objects_33_V_s' <Predicate = true> <Delay = 0.00>
ST_1 : Operation 48 [1/1] (0.00ns)   --->   "%array_objects_34_V_s = call i10 @_ssdm_op_PartSelect.i10.i192.i32.i32(i192 %link_in_6_V_read_1, i32 160, i32 169)" [src/algo_unpacked.cpp:32]   --->   Operation 48 'partselect' 'array_objects_34_V_s' <Predicate = true> <Delay = 0.00>
ST_1 : Operation 49 [1/1] (0.00ns)   --->   "%array_objects_35_V_s = call i10 @_ssdm_op_PartSelect.i10.i192.i32.i32(i192 %link_in_7_V_read_1, i32 32, i32 41)" [src/algo_unpacked.cpp:28]   --->   Operation 49 'partselect' 'array_objects_35_V_s' <Predicate = true> <Delay = 0.00>
ST_1 : Operation 50 [1/1] (0.00ns)   --->   "%array_objects_36_V_s = call i10 @_ssdm_op_PartSelect.i10.i192.i32.i32(i192 %link_in_7_V_read_1, i32 64, i32 73)" [src/algo_unpacked.cpp:29]   --->   Operation 50 'partselect' 'array_objects_36_V_s' <Predicate = true> <Delay = 0.00>
ST_1 : Operation 51 [1/1] (0.00ns)   --->   "%array_objects_37_V_s = call i10 @_ssdm_op_PartSelect.i10.i192.i32.i32(i192 %link_in_7_V_read_1, i32 96, i32 105)" [src/algo_unpacked.cpp:30]   --->   Operation 51 'partselect' 'array_objects_37_V_s' <Predicate = true> <Delay = 0.00>
ST_1 : Operation 52 [1/1] (0.00ns)   --->   "%array_objects_38_V_s = call i10 @_ssdm_op_PartSelect.i10.i192.i32.i32(i192 %link_in_7_V_read_1, i32 128, i32 137)" [src/algo_unpacked.cpp:31]   --->   Operation 52 'partselect' 'array_objects_38_V_s' <Predicate = true> <Delay = 0.00>
ST_1 : Operation 53 [1/1] (0.00ns)   --->   "%array_objects_39_V_s = call i10 @_ssdm_op_PartSelect.i10.i192.i32.i32(i192 %link_in_7_V_read_1, i32 160, i32 169)" [src/algo_unpacked.cpp:32]   --->   Operation 53 'partselect' 'array_objects_39_V_s' <Predicate = true> <Delay = 0.00>
ST_1 : Operation 54 [1/1] (0.00ns)   --->   "%array_objects_40_V_s = call i10 @_ssdm_op_PartSelect.i10.i192.i32.i32(i192 %link_in_8_V_read_1, i32 32, i32 41)" [src/algo_unpacked.cpp:28]   --->   Operation 54 'partselect' 'array_objects_40_V_s' <Predicate = true> <Delay = 0.00>
ST_1 : Operation 55 [1/1] (0.00ns)   --->   "%array_objects_41_V_s = call i10 @_ssdm_op_PartSelect.i10.i192.i32.i32(i192 %link_in_8_V_read_1, i32 64, i32 73)" [src/algo_unpacked.cpp:29]   --->   Operation 55 'partselect' 'array_objects_41_V_s' <Predicate = true> <Delay = 0.00>
ST_1 : Operation 56 [1/1] (0.00ns)   --->   "%array_objects_42_V_s = call i10 @_ssdm_op_PartSelect.i10.i192.i32.i32(i192 %link_in_8_V_read_1, i32 96, i32 105)" [src/algo_unpacked.cpp:30]   --->   Operation 56 'partselect' 'array_objects_42_V_s' <Predicate = true> <Delay = 0.00>
ST_1 : Operation 57 [1/1] (0.00ns)   --->   "%array_objects_43_V_s = call i10 @_ssdm_op_PartSelect.i10.i192.i32.i32(i192 %link_in_8_V_read_1, i32 128, i32 137)" [src/algo_unpacked.cpp:31]   --->   Operation 57 'partselect' 'array_objects_43_V_s' <Predicate = true> <Delay = 0.00>
ST_1 : Operation 58 [1/1] (0.00ns)   --->   "%array_objects_44_V_s = call i10 @_ssdm_op_PartSelect.i10.i192.i32.i32(i192 %link_in_8_V_read_1, i32 160, i32 169)" [src/algo_unpacked.cpp:32]   --->   Operation 58 'partselect' 'array_objects_44_V_s' <Predicate = true> <Delay = 0.00>
ST_1 : Operation 59 [1/1] (0.00ns)   --->   "%array_objects_45_V_s = call i10 @_ssdm_op_PartSelect.i10.i192.i32.i32(i192 %link_in_9_V_read_1, i32 32, i32 41)" [src/algo_unpacked.cpp:28]   --->   Operation 59 'partselect' 'array_objects_45_V_s' <Predicate = true> <Delay = 0.00>
ST_1 : Operation 60 [1/1] (0.00ns)   --->   "%array_objects_46_V_s = call i10 @_ssdm_op_PartSelect.i10.i192.i32.i32(i192 %link_in_9_V_read_1, i32 64, i32 73)" [src/algo_unpacked.cpp:29]   --->   Operation 60 'partselect' 'array_objects_46_V_s' <Predicate = true> <Delay = 0.00>
ST_1 : Operation 61 [1/1] (0.00ns)   --->   "%array_objects_47_V_s = call i10 @_ssdm_op_PartSelect.i10.i192.i32.i32(i192 %link_in_9_V_read_1, i32 96, i32 105)" [src/algo_unpacked.cpp:30]   --->   Operation 61 'partselect' 'array_objects_47_V_s' <Predicate = true> <Delay = 0.00>
ST_1 : Operation 62 [1/1] (0.00ns)   --->   "%array_objects_48_V_s = call i10 @_ssdm_op_PartSelect.i10.i192.i32.i32(i192 %link_in_9_V_read_1, i32 128, i32 137)" [src/algo_unpacked.cpp:31]   --->   Operation 62 'partselect' 'array_objects_48_V_s' <Predicate = true> <Delay = 0.00>
ST_1 : Operation 63 [1/1] (0.00ns)   --->   "%array_objects_49_V_s = call i10 @_ssdm_op_PartSelect.i10.i192.i32.i32(i192 %link_in_9_V_read_1, i32 160, i32 169)" [src/algo_unpacked.cpp:32]   --->   Operation 63 'partselect' 'array_objects_49_V_s' <Predicate = true> <Delay = 0.00>
ST_1 : Operation 64 [1/1] (0.00ns)   --->   "%array_objects_50_V_s = call i10 @_ssdm_op_PartSelect.i10.i192.i32.i32(i192 %link_in_10_V_read_1, i32 32, i32 41)" [src/algo_unpacked.cpp:28]   --->   Operation 64 'partselect' 'array_objects_50_V_s' <Predicate = true> <Delay = 0.00>
ST_1 : Operation 65 [1/1] (0.00ns)   --->   "%array_objects_51_V_s = call i10 @_ssdm_op_PartSelect.i10.i192.i32.i32(i192 %link_in_10_V_read_1, i32 64, i32 73)" [src/algo_unpacked.cpp:29]   --->   Operation 65 'partselect' 'array_objects_51_V_s' <Predicate = true> <Delay = 0.00>
ST_1 : Operation 66 [1/1] (0.00ns)   --->   "%array_objects_52_V_s = call i10 @_ssdm_op_PartSelect.i10.i192.i32.i32(i192 %link_in_10_V_read_1, i32 96, i32 105)" [src/algo_unpacked.cpp:30]   --->   Operation 66 'partselect' 'array_objects_52_V_s' <Predicate = true> <Delay = 0.00>
ST_1 : Operation 67 [1/1] (0.00ns)   --->   "%array_objects_53_V_s = call i10 @_ssdm_op_PartSelect.i10.i192.i32.i32(i192 %link_in_10_V_read_1, i32 128, i32 137)" [src/algo_unpacked.cpp:31]   --->   Operation 67 'partselect' 'array_objects_53_V_s' <Predicate = true> <Delay = 0.00>
ST_1 : Operation 68 [1/1] (0.00ns)   --->   "%array_objects_54_V_s = call i10 @_ssdm_op_PartSelect.i10.i192.i32.i32(i192 %link_in_10_V_read_1, i32 160, i32 169)" [src/algo_unpacked.cpp:32]   --->   Operation 68 'partselect' 'array_objects_54_V_s' <Predicate = true> <Delay = 0.00>
ST_1 : Operation 69 [1/1] (0.00ns)   --->   "%array_objects_55_V_s = call i10 @_ssdm_op_PartSelect.i10.i192.i32.i32(i192 %link_in_11_V_read_1, i32 32, i32 41)" [src/algo_unpacked.cpp:28]   --->   Operation 69 'partselect' 'array_objects_55_V_s' <Predicate = true> <Delay = 0.00>
ST_1 : Operation 70 [1/1] (0.00ns)   --->   "%array_objects_56_V_s = call i10 @_ssdm_op_PartSelect.i10.i192.i32.i32(i192 %link_in_11_V_read_1, i32 64, i32 73)" [src/algo_unpacked.cpp:29]   --->   Operation 70 'partselect' 'array_objects_56_V_s' <Predicate = true> <Delay = 0.00>
ST_1 : Operation 71 [1/1] (0.00ns)   --->   "%array_objects_57_V_s = call i10 @_ssdm_op_PartSelect.i10.i192.i32.i32(i192 %link_in_11_V_read_1, i32 96, i32 105)" [src/algo_unpacked.cpp:30]   --->   Operation 71 'partselect' 'array_objects_57_V_s' <Predicate = true> <Delay = 0.00>
ST_1 : Operation 72 [1/1] (0.00ns)   --->   "%array_objects_58_V_s = call i10 @_ssdm_op_PartSelect.i10.i192.i32.i32(i192 %link_in_11_V_read_1, i32 128, i32 137)" [src/algo_unpacked.cpp:31]   --->   Operation 72 'partselect' 'array_objects_58_V_s' <Predicate = true> <Delay = 0.00>
ST_1 : Operation 73 [1/1] (0.00ns)   --->   "%array_objects_59_V_s = call i10 @_ssdm_op_PartSelect.i10.i192.i32.i32(i192 %link_in_11_V_read_1, i32 160, i32 169)" [src/algo_unpacked.cpp:32]   --->   Operation 73 'partselect' 'array_objects_59_V_s' <Predicate = true> <Delay = 0.00>
ST_1 : Operation 74 [1/1] (0.00ns)   --->   "%mrv = insertvalue { i10, i10, i10, i10, i10, i10, i10, i10, i10, i10, i10, i10, i10, i10, i10, i10, i10, i10, i10, i10, i10, i10, i10, i10, i10, i10, i10, i10, i10, i10, i10, i10, i10, i10, i10, i10, i10, i10, i10, i10, i10, i10, i10, i10, i10, i10, i10, i10, i10, i10, i10, i10, i10, i10, i10, i10, i10, i10, i10, i10 } undef, i10 %array_objects_0_V_w, 0" [src/algo_unpacked.cpp:35]   --->   Operation 74 'insertvalue' 'mrv' <Predicate = true> <Delay = 0.00>
ST_1 : Operation 75 [1/1] (0.00ns)   --->   "%mrv_1 = insertvalue { i10, i10, i10, i10, i10, i10, i10, i10, i10, i10, i10, i10, i10, i10, i10, i10, i10, i10, i10, i10, i10, i10, i10, i10, i10, i10, i10, i10, i10, i10, i10, i10, i10, i10, i10, i10, i10, i10, i10, i10, i10, i10, i10, i10, i10, i10, i10, i10, i10, i10, i10, i10, i10, i10, i10, i10, i10, i10, i10, i10 } %mrv, i10 %array_objects_1_V_w, 1" [src/algo_unpacked.cpp:35]   --->   Operation 75 'insertvalue' 'mrv_1' <Predicate = true> <Delay = 0.00>
ST_1 : Operation 76 [1/1] (0.00ns)   --->   "%mrv_2 = insertvalue { i10, i10, i10, i10, i10, i10, i10, i10, i10, i10, i10, i10, i10, i10, i10, i10, i10, i10, i10, i10, i10, i10, i10, i10, i10, i10, i10, i10, i10, i10, i10, i10, i10, i10, i10, i10, i10, i10, i10, i10, i10, i10, i10, i10, i10, i10, i10, i10, i10, i10, i10, i10, i10, i10, i10, i10, i10, i10, i10, i10 } %mrv_1, i10 %array_objects_2_V_w, 2" [src/algo_unpacked.cpp:35]   --->   Operation 76 'insertvalue' 'mrv_2' <Predicate = true> <Delay = 0.00>
ST_1 : Operation 77 [1/1] (0.00ns)   --->   "%mrv_3 = insertvalue { i10, i10, i10, i10, i10, i10, i10, i10, i10, i10, i10, i10, i10, i10, i10, i10, i10, i10, i10, i10, i10, i10, i10, i10, i10, i10, i10, i10, i10, i10, i10, i10, i10, i10, i10, i10, i10, i10, i10, i10, i10, i10, i10, i10, i10, i10, i10, i10, i10, i10, i10, i10, i10, i10, i10, i10, i10, i10, i10, i10 } %mrv_2, i10 %array_objects_3_V_w, 3" [src/algo_unpacked.cpp:35]   --->   Operation 77 'insertvalue' 'mrv_3' <Predicate = true> <Delay = 0.00>
ST_1 : Operation 78 [1/1] (0.00ns)   --->   "%mrv_4 = insertvalue { i10, i10, i10, i10, i10, i10, i10, i10, i10, i10, i10, i10, i10, i10, i10, i10, i10, i10, i10, i10, i10, i10, i10, i10, i10, i10, i10, i10, i10, i10, i10, i10, i10, i10, i10, i10, i10, i10, i10, i10, i10, i10, i10, i10, i10, i10, i10, i10, i10, i10, i10, i10, i10, i10, i10, i10, i10, i10, i10, i10 } %mrv_3, i10 %array_objects_4_V_w, 4" [src/algo_unpacked.cpp:35]   --->   Operation 78 'insertvalue' 'mrv_4' <Predicate = true> <Delay = 0.00>
ST_1 : Operation 79 [1/1] (0.00ns)   --->   "%mrv_5 = insertvalue { i10, i10, i10, i10, i10, i10, i10, i10, i10, i10, i10, i10, i10, i10, i10, i10, i10, i10, i10, i10, i10, i10, i10, i10, i10, i10, i10, i10, i10, i10, i10, i10, i10, i10, i10, i10, i10, i10, i10, i10, i10, i10, i10, i10, i10, i10, i10, i10, i10, i10, i10, i10, i10, i10, i10, i10, i10, i10, i10, i10 } %mrv_4, i10 %array_objects_5_V_w, 5" [src/algo_unpacked.cpp:35]   --->   Operation 79 'insertvalue' 'mrv_5' <Predicate = true> <Delay = 0.00>
ST_1 : Operation 80 [1/1] (0.00ns)   --->   "%mrv_6 = insertvalue { i10, i10, i10, i10, i10, i10, i10, i10, i10, i10, i10, i10, i10, i10, i10, i10, i10, i10, i10, i10, i10, i10, i10, i10, i10, i10, i10, i10, i10, i10, i10, i10, i10, i10, i10, i10, i10, i10, i10, i10, i10, i10, i10, i10, i10, i10, i10, i10, i10, i10, i10, i10, i10, i10, i10, i10, i10, i10, i10, i10 } %mrv_5, i10 %array_objects_6_V_w, 6" [src/algo_unpacked.cpp:35]   --->   Operation 80 'insertvalue' 'mrv_6' <Predicate = true> <Delay = 0.00>
ST_1 : Operation 81 [1/1] (0.00ns)   --->   "%mrv_7 = insertvalue { i10, i10, i10, i10, i10, i10, i10, i10, i10, i10, i10, i10, i10, i10, i10, i10, i10, i10, i10, i10, i10, i10, i10, i10, i10, i10, i10, i10, i10, i10, i10, i10, i10, i10, i10, i10, i10, i10, i10, i10, i10, i10, i10, i10, i10, i10, i10, i10, i10, i10, i10, i10, i10, i10, i10, i10, i10, i10, i10, i10 } %mrv_6, i10 %array_objects_7_V_w, 7" [src/algo_unpacked.cpp:35]   --->   Operation 81 'insertvalue' 'mrv_7' <Predicate = true> <Delay = 0.00>
ST_1 : Operation 82 [1/1] (0.00ns)   --->   "%mrv_8 = insertvalue { i10, i10, i10, i10, i10, i10, i10, i10, i10, i10, i10, i10, i10, i10, i10, i10, i10, i10, i10, i10, i10, i10, i10, i10, i10, i10, i10, i10, i10, i10, i10, i10, i10, i10, i10, i10, i10, i10, i10, i10, i10, i10, i10, i10, i10, i10, i10, i10, i10, i10, i10, i10, i10, i10, i10, i10, i10, i10, i10, i10 } %mrv_7, i10 %array_objects_8_V_w, 8" [src/algo_unpacked.cpp:35]   --->   Operation 82 'insertvalue' 'mrv_8' <Predicate = true> <Delay = 0.00>
ST_1 : Operation 83 [1/1] (0.00ns)   --->   "%mrv_9 = insertvalue { i10, i10, i10, i10, i10, i10, i10, i10, i10, i10, i10, i10, i10, i10, i10, i10, i10, i10, i10, i10, i10, i10, i10, i10, i10, i10, i10, i10, i10, i10, i10, i10, i10, i10, i10, i10, i10, i10, i10, i10, i10, i10, i10, i10, i10, i10, i10, i10, i10, i10, i10, i10, i10, i10, i10, i10, i10, i10, i10, i10 } %mrv_8, i10 %array_objects_9_V_w, 9" [src/algo_unpacked.cpp:35]   --->   Operation 83 'insertvalue' 'mrv_9' <Predicate = true> <Delay = 0.00>
ST_1 : Operation 84 [1/1] (0.00ns)   --->   "%mrv_10 = insertvalue { i10, i10, i10, i10, i10, i10, i10, i10, i10, i10, i10, i10, i10, i10, i10, i10, i10, i10, i10, i10, i10, i10, i10, i10, i10, i10, i10, i10, i10, i10, i10, i10, i10, i10, i10, i10, i10, i10, i10, i10, i10, i10, i10, i10, i10, i10, i10, i10, i10, i10, i10, i10, i10, i10, i10, i10, i10, i10, i10, i10 } %mrv_9, i10 %array_objects_10_V_s, 10" [src/algo_unpacked.cpp:35]   --->   Operation 84 'insertvalue' 'mrv_10' <Predicate = true> <Delay = 0.00>
ST_1 : Operation 85 [1/1] (0.00ns)   --->   "%mrv_11 = insertvalue { i10, i10, i10, i10, i10, i10, i10, i10, i10, i10, i10, i10, i10, i10, i10, i10, i10, i10, i10, i10, i10, i10, i10, i10, i10, i10, i10, i10, i10, i10, i10, i10, i10, i10, i10, i10, i10, i10, i10, i10, i10, i10, i10, i10, i10, i10, i10, i10, i10, i10, i10, i10, i10, i10, i10, i10, i10, i10, i10, i10 } %mrv_10, i10 %array_objects_11_V_s, 11" [src/algo_unpacked.cpp:35]   --->   Operation 85 'insertvalue' 'mrv_11' <Predicate = true> <Delay = 0.00>
ST_1 : Operation 86 [1/1] (0.00ns)   --->   "%mrv_12 = insertvalue { i10, i10, i10, i10, i10, i10, i10, i10, i10, i10, i10, i10, i10, i10, i10, i10, i10, i10, i10, i10, i10, i10, i10, i10, i10, i10, i10, i10, i10, i10, i10, i10, i10, i10, i10, i10, i10, i10, i10, i10, i10, i10, i10, i10, i10, i10, i10, i10, i10, i10, i10, i10, i10, i10, i10, i10, i10, i10, i10, i10 } %mrv_11, i10 %array_objects_12_V_s, 12" [src/algo_unpacked.cpp:35]   --->   Operation 86 'insertvalue' 'mrv_12' <Predicate = true> <Delay = 0.00>
ST_1 : Operation 87 [1/1] (0.00ns)   --->   "%mrv_13 = insertvalue { i10, i10, i10, i10, i10, i10, i10, i10, i10, i10, i10, i10, i10, i10, i10, i10, i10, i10, i10, i10, i10, i10, i10, i10, i10, i10, i10, i10, i10, i10, i10, i10, i10, i10, i10, i10, i10, i10, i10, i10, i10, i10, i10, i10, i10, i10, i10, i10, i10, i10, i10, i10, i10, i10, i10, i10, i10, i10, i10, i10 } %mrv_12, i10 %array_objects_13_V_s, 13" [src/algo_unpacked.cpp:35]   --->   Operation 87 'insertvalue' 'mrv_13' <Predicate = true> <Delay = 0.00>
ST_1 : Operation 88 [1/1] (0.00ns)   --->   "%mrv_14 = insertvalue { i10, i10, i10, i10, i10, i10, i10, i10, i10, i10, i10, i10, i10, i10, i10, i10, i10, i10, i10, i10, i10, i10, i10, i10, i10, i10, i10, i10, i10, i10, i10, i10, i10, i10, i10, i10, i10, i10, i10, i10, i10, i10, i10, i10, i10, i10, i10, i10, i10, i10, i10, i10, i10, i10, i10, i10, i10, i10, i10, i10 } %mrv_13, i10 %array_objects_14_V_s, 14" [src/algo_unpacked.cpp:35]   --->   Operation 88 'insertvalue' 'mrv_14' <Predicate = true> <Delay = 0.00>
ST_1 : Operation 89 [1/1] (0.00ns)   --->   "%mrv_15 = insertvalue { i10, i10, i10, i10, i10, i10, i10, i10, i10, i10, i10, i10, i10, i10, i10, i10, i10, i10, i10, i10, i10, i10, i10, i10, i10, i10, i10, i10, i10, i10, i10, i10, i10, i10, i10, i10, i10, i10, i10, i10, i10, i10, i10, i10, i10, i10, i10, i10, i10, i10, i10, i10, i10, i10, i10, i10, i10, i10, i10, i10 } %mrv_14, i10 %array_objects_15_V_s, 15" [src/algo_unpacked.cpp:35]   --->   Operation 89 'insertvalue' 'mrv_15' <Predicate = true> <Delay = 0.00>
ST_1 : Operation 90 [1/1] (0.00ns)   --->   "%mrv_16 = insertvalue { i10, i10, i10, i10, i10, i10, i10, i10, i10, i10, i10, i10, i10, i10, i10, i10, i10, i10, i10, i10, i10, i10, i10, i10, i10, i10, i10, i10, i10, i10, i10, i10, i10, i10, i10, i10, i10, i10, i10, i10, i10, i10, i10, i10, i10, i10, i10, i10, i10, i10, i10, i10, i10, i10, i10, i10, i10, i10, i10, i10 } %mrv_15, i10 %array_objects_16_V_s, 16" [src/algo_unpacked.cpp:35]   --->   Operation 90 'insertvalue' 'mrv_16' <Predicate = true> <Delay = 0.00>
ST_1 : Operation 91 [1/1] (0.00ns)   --->   "%mrv_17 = insertvalue { i10, i10, i10, i10, i10, i10, i10, i10, i10, i10, i10, i10, i10, i10, i10, i10, i10, i10, i10, i10, i10, i10, i10, i10, i10, i10, i10, i10, i10, i10, i10, i10, i10, i10, i10, i10, i10, i10, i10, i10, i10, i10, i10, i10, i10, i10, i10, i10, i10, i10, i10, i10, i10, i10, i10, i10, i10, i10, i10, i10 } %mrv_16, i10 %array_objects_17_V_s, 17" [src/algo_unpacked.cpp:35]   --->   Operation 91 'insertvalue' 'mrv_17' <Predicate = true> <Delay = 0.00>
ST_1 : Operation 92 [1/1] (0.00ns)   --->   "%mrv_18 = insertvalue { i10, i10, i10, i10, i10, i10, i10, i10, i10, i10, i10, i10, i10, i10, i10, i10, i10, i10, i10, i10, i10, i10, i10, i10, i10, i10, i10, i10, i10, i10, i10, i10, i10, i10, i10, i10, i10, i10, i10, i10, i10, i10, i10, i10, i10, i10, i10, i10, i10, i10, i10, i10, i10, i10, i10, i10, i10, i10, i10, i10 } %mrv_17, i10 %array_objects_18_V_s, 18" [src/algo_unpacked.cpp:35]   --->   Operation 92 'insertvalue' 'mrv_18' <Predicate = true> <Delay = 0.00>
ST_1 : Operation 93 [1/1] (0.00ns)   --->   "%mrv_19 = insertvalue { i10, i10, i10, i10, i10, i10, i10, i10, i10, i10, i10, i10, i10, i10, i10, i10, i10, i10, i10, i10, i10, i10, i10, i10, i10, i10, i10, i10, i10, i10, i10, i10, i10, i10, i10, i10, i10, i10, i10, i10, i10, i10, i10, i10, i10, i10, i10, i10, i10, i10, i10, i10, i10, i10, i10, i10, i10, i10, i10, i10 } %mrv_18, i10 %array_objects_19_V_s, 19" [src/algo_unpacked.cpp:35]   --->   Operation 93 'insertvalue' 'mrv_19' <Predicate = true> <Delay = 0.00>
ST_1 : Operation 94 [1/1] (0.00ns)   --->   "%mrv_20 = insertvalue { i10, i10, i10, i10, i10, i10, i10, i10, i10, i10, i10, i10, i10, i10, i10, i10, i10, i10, i10, i10, i10, i10, i10, i10, i10, i10, i10, i10, i10, i10, i10, i10, i10, i10, i10, i10, i10, i10, i10, i10, i10, i10, i10, i10, i10, i10, i10, i10, i10, i10, i10, i10, i10, i10, i10, i10, i10, i10, i10, i10 } %mrv_19, i10 %array_objects_20_V_s, 20" [src/algo_unpacked.cpp:35]   --->   Operation 94 'insertvalue' 'mrv_20' <Predicate = true> <Delay = 0.00>
ST_1 : Operation 95 [1/1] (0.00ns)   --->   "%mrv_21 = insertvalue { i10, i10, i10, i10, i10, i10, i10, i10, i10, i10, i10, i10, i10, i10, i10, i10, i10, i10, i10, i10, i10, i10, i10, i10, i10, i10, i10, i10, i10, i10, i10, i10, i10, i10, i10, i10, i10, i10, i10, i10, i10, i10, i10, i10, i10, i10, i10, i10, i10, i10, i10, i10, i10, i10, i10, i10, i10, i10, i10, i10 } %mrv_20, i10 %array_objects_21_V_s, 21" [src/algo_unpacked.cpp:35]   --->   Operation 95 'insertvalue' 'mrv_21' <Predicate = true> <Delay = 0.00>
ST_1 : Operation 96 [1/1] (0.00ns)   --->   "%mrv_22 = insertvalue { i10, i10, i10, i10, i10, i10, i10, i10, i10, i10, i10, i10, i10, i10, i10, i10, i10, i10, i10, i10, i10, i10, i10, i10, i10, i10, i10, i10, i10, i10, i10, i10, i10, i10, i10, i10, i10, i10, i10, i10, i10, i10, i10, i10, i10, i10, i10, i10, i10, i10, i10, i10, i10, i10, i10, i10, i10, i10, i10, i10 } %mrv_21, i10 %array_objects_22_V_s, 22" [src/algo_unpacked.cpp:35]   --->   Operation 96 'insertvalue' 'mrv_22' <Predicate = true> <Delay = 0.00>
ST_1 : Operation 97 [1/1] (0.00ns)   --->   "%mrv_23 = insertvalue { i10, i10, i10, i10, i10, i10, i10, i10, i10, i10, i10, i10, i10, i10, i10, i10, i10, i10, i10, i10, i10, i10, i10, i10, i10, i10, i10, i10, i10, i10, i10, i10, i10, i10, i10, i10, i10, i10, i10, i10, i10, i10, i10, i10, i10, i10, i10, i10, i10, i10, i10, i10, i10, i10, i10, i10, i10, i10, i10, i10 } %mrv_22, i10 %array_objects_23_V_s, 23" [src/algo_unpacked.cpp:35]   --->   Operation 97 'insertvalue' 'mrv_23' <Predicate = true> <Delay = 0.00>
ST_1 : Operation 98 [1/1] (0.00ns)   --->   "%mrv_24 = insertvalue { i10, i10, i10, i10, i10, i10, i10, i10, i10, i10, i10, i10, i10, i10, i10, i10, i10, i10, i10, i10, i10, i10, i10, i10, i10, i10, i10, i10, i10, i10, i10, i10, i10, i10, i10, i10, i10, i10, i10, i10, i10, i10, i10, i10, i10, i10, i10, i10, i10, i10, i10, i10, i10, i10, i10, i10, i10, i10, i10, i10 } %mrv_23, i10 %array_objects_24_V_s, 24" [src/algo_unpacked.cpp:35]   --->   Operation 98 'insertvalue' 'mrv_24' <Predicate = true> <Delay = 0.00>
ST_1 : Operation 99 [1/1] (0.00ns)   --->   "%mrv_25 = insertvalue { i10, i10, i10, i10, i10, i10, i10, i10, i10, i10, i10, i10, i10, i10, i10, i10, i10, i10, i10, i10, i10, i10, i10, i10, i10, i10, i10, i10, i10, i10, i10, i10, i10, i10, i10, i10, i10, i10, i10, i10, i10, i10, i10, i10, i10, i10, i10, i10, i10, i10, i10, i10, i10, i10, i10, i10, i10, i10, i10, i10 } %mrv_24, i10 %array_objects_25_V_s, 25" [src/algo_unpacked.cpp:35]   --->   Operation 99 'insertvalue' 'mrv_25' <Predicate = true> <Delay = 0.00>
ST_1 : Operation 100 [1/1] (0.00ns)   --->   "%mrv_26 = insertvalue { i10, i10, i10, i10, i10, i10, i10, i10, i10, i10, i10, i10, i10, i10, i10, i10, i10, i10, i10, i10, i10, i10, i10, i10, i10, i10, i10, i10, i10, i10, i10, i10, i10, i10, i10, i10, i10, i10, i10, i10, i10, i10, i10, i10, i10, i10, i10, i10, i10, i10, i10, i10, i10, i10, i10, i10, i10, i10, i10, i10 } %mrv_25, i10 %array_objects_26_V_s, 26" [src/algo_unpacked.cpp:35]   --->   Operation 100 'insertvalue' 'mrv_26' <Predicate = true> <Delay = 0.00>
ST_1 : Operation 101 [1/1] (0.00ns)   --->   "%mrv_27 = insertvalue { i10, i10, i10, i10, i10, i10, i10, i10, i10, i10, i10, i10, i10, i10, i10, i10, i10, i10, i10, i10, i10, i10, i10, i10, i10, i10, i10, i10, i10, i10, i10, i10, i10, i10, i10, i10, i10, i10, i10, i10, i10, i10, i10, i10, i10, i10, i10, i10, i10, i10, i10, i10, i10, i10, i10, i10, i10, i10, i10, i10 } %mrv_26, i10 %array_objects_27_V_s, 27" [src/algo_unpacked.cpp:35]   --->   Operation 101 'insertvalue' 'mrv_27' <Predicate = true> <Delay = 0.00>
ST_1 : Operation 102 [1/1] (0.00ns)   --->   "%mrv_28 = insertvalue { i10, i10, i10, i10, i10, i10, i10, i10, i10, i10, i10, i10, i10, i10, i10, i10, i10, i10, i10, i10, i10, i10, i10, i10, i10, i10, i10, i10, i10, i10, i10, i10, i10, i10, i10, i10, i10, i10, i10, i10, i10, i10, i10, i10, i10, i10, i10, i10, i10, i10, i10, i10, i10, i10, i10, i10, i10, i10, i10, i10 } %mrv_27, i10 %array_objects_28_V_s, 28" [src/algo_unpacked.cpp:35]   --->   Operation 102 'insertvalue' 'mrv_28' <Predicate = true> <Delay = 0.00>
ST_1 : Operation 103 [1/1] (0.00ns)   --->   "%mrv_29 = insertvalue { i10, i10, i10, i10, i10, i10, i10, i10, i10, i10, i10, i10, i10, i10, i10, i10, i10, i10, i10, i10, i10, i10, i10, i10, i10, i10, i10, i10, i10, i10, i10, i10, i10, i10, i10, i10, i10, i10, i10, i10, i10, i10, i10, i10, i10, i10, i10, i10, i10, i10, i10, i10, i10, i10, i10, i10, i10, i10, i10, i10 } %mrv_28, i10 %array_objects_29_V_s, 29" [src/algo_unpacked.cpp:35]   --->   Operation 103 'insertvalue' 'mrv_29' <Predicate = true> <Delay = 0.00>
ST_1 : Operation 104 [1/1] (0.00ns)   --->   "%mrv_30 = insertvalue { i10, i10, i10, i10, i10, i10, i10, i10, i10, i10, i10, i10, i10, i10, i10, i10, i10, i10, i10, i10, i10, i10, i10, i10, i10, i10, i10, i10, i10, i10, i10, i10, i10, i10, i10, i10, i10, i10, i10, i10, i10, i10, i10, i10, i10, i10, i10, i10, i10, i10, i10, i10, i10, i10, i10, i10, i10, i10, i10, i10 } %mrv_29, i10 %array_objects_30_V_s, 30" [src/algo_unpacked.cpp:35]   --->   Operation 104 'insertvalue' 'mrv_30' <Predicate = true> <Delay = 0.00>
ST_1 : Operation 105 [1/1] (0.00ns)   --->   "%mrv_31 = insertvalue { i10, i10, i10, i10, i10, i10, i10, i10, i10, i10, i10, i10, i10, i10, i10, i10, i10, i10, i10, i10, i10, i10, i10, i10, i10, i10, i10, i10, i10, i10, i10, i10, i10, i10, i10, i10, i10, i10, i10, i10, i10, i10, i10, i10, i10, i10, i10, i10, i10, i10, i10, i10, i10, i10, i10, i10, i10, i10, i10, i10 } %mrv_30, i10 %array_objects_31_V_s, 31" [src/algo_unpacked.cpp:35]   --->   Operation 105 'insertvalue' 'mrv_31' <Predicate = true> <Delay = 0.00>
ST_1 : Operation 106 [1/1] (0.00ns)   --->   "%mrv_32 = insertvalue { i10, i10, i10, i10, i10, i10, i10, i10, i10, i10, i10, i10, i10, i10, i10, i10, i10, i10, i10, i10, i10, i10, i10, i10, i10, i10, i10, i10, i10, i10, i10, i10, i10, i10, i10, i10, i10, i10, i10, i10, i10, i10, i10, i10, i10, i10, i10, i10, i10, i10, i10, i10, i10, i10, i10, i10, i10, i10, i10, i10 } %mrv_31, i10 %array_objects_32_V_s, 32" [src/algo_unpacked.cpp:35]   --->   Operation 106 'insertvalue' 'mrv_32' <Predicate = true> <Delay = 0.00>
ST_1 : Operation 107 [1/1] (0.00ns)   --->   "%mrv_33 = insertvalue { i10, i10, i10, i10, i10, i10, i10, i10, i10, i10, i10, i10, i10, i10, i10, i10, i10, i10, i10, i10, i10, i10, i10, i10, i10, i10, i10, i10, i10, i10, i10, i10, i10, i10, i10, i10, i10, i10, i10, i10, i10, i10, i10, i10, i10, i10, i10, i10, i10, i10, i10, i10, i10, i10, i10, i10, i10, i10, i10, i10 } %mrv_32, i10 %array_objects_33_V_s, 33" [src/algo_unpacked.cpp:35]   --->   Operation 107 'insertvalue' 'mrv_33' <Predicate = true> <Delay = 0.00>
ST_1 : Operation 108 [1/1] (0.00ns)   --->   "%mrv_34 = insertvalue { i10, i10, i10, i10, i10, i10, i10, i10, i10, i10, i10, i10, i10, i10, i10, i10, i10, i10, i10, i10, i10, i10, i10, i10, i10, i10, i10, i10, i10, i10, i10, i10, i10, i10, i10, i10, i10, i10, i10, i10, i10, i10, i10, i10, i10, i10, i10, i10, i10, i10, i10, i10, i10, i10, i10, i10, i10, i10, i10, i10 } %mrv_33, i10 %array_objects_34_V_s, 34" [src/algo_unpacked.cpp:35]   --->   Operation 108 'insertvalue' 'mrv_34' <Predicate = true> <Delay = 0.00>
ST_1 : Operation 109 [1/1] (0.00ns)   --->   "%mrv_35 = insertvalue { i10, i10, i10, i10, i10, i10, i10, i10, i10, i10, i10, i10, i10, i10, i10, i10, i10, i10, i10, i10, i10, i10, i10, i10, i10, i10, i10, i10, i10, i10, i10, i10, i10, i10, i10, i10, i10, i10, i10, i10, i10, i10, i10, i10, i10, i10, i10, i10, i10, i10, i10, i10, i10, i10, i10, i10, i10, i10, i10, i10 } %mrv_34, i10 %array_objects_35_V_s, 35" [src/algo_unpacked.cpp:35]   --->   Operation 109 'insertvalue' 'mrv_35' <Predicate = true> <Delay = 0.00>
ST_1 : Operation 110 [1/1] (0.00ns)   --->   "%mrv_36 = insertvalue { i10, i10, i10, i10, i10, i10, i10, i10, i10, i10, i10, i10, i10, i10, i10, i10, i10, i10, i10, i10, i10, i10, i10, i10, i10, i10, i10, i10, i10, i10, i10, i10, i10, i10, i10, i10, i10, i10, i10, i10, i10, i10, i10, i10, i10, i10, i10, i10, i10, i10, i10, i10, i10, i10, i10, i10, i10, i10, i10, i10 } %mrv_35, i10 %array_objects_36_V_s, 36" [src/algo_unpacked.cpp:35]   --->   Operation 110 'insertvalue' 'mrv_36' <Predicate = true> <Delay = 0.00>
ST_1 : Operation 111 [1/1] (0.00ns)   --->   "%mrv_37 = insertvalue { i10, i10, i10, i10, i10, i10, i10, i10, i10, i10, i10, i10, i10, i10, i10, i10, i10, i10, i10, i10, i10, i10, i10, i10, i10, i10, i10, i10, i10, i10, i10, i10, i10, i10, i10, i10, i10, i10, i10, i10, i10, i10, i10, i10, i10, i10, i10, i10, i10, i10, i10, i10, i10, i10, i10, i10, i10, i10, i10, i10 } %mrv_36, i10 %array_objects_37_V_s, 37" [src/algo_unpacked.cpp:35]   --->   Operation 111 'insertvalue' 'mrv_37' <Predicate = true> <Delay = 0.00>
ST_1 : Operation 112 [1/1] (0.00ns)   --->   "%mrv_38 = insertvalue { i10, i10, i10, i10, i10, i10, i10, i10, i10, i10, i10, i10, i10, i10, i10, i10, i10, i10, i10, i10, i10, i10, i10, i10, i10, i10, i10, i10, i10, i10, i10, i10, i10, i10, i10, i10, i10, i10, i10, i10, i10, i10, i10, i10, i10, i10, i10, i10, i10, i10, i10, i10, i10, i10, i10, i10, i10, i10, i10, i10 } %mrv_37, i10 %array_objects_38_V_s, 38" [src/algo_unpacked.cpp:35]   --->   Operation 112 'insertvalue' 'mrv_38' <Predicate = true> <Delay = 0.00>
ST_1 : Operation 113 [1/1] (0.00ns)   --->   "%mrv_39 = insertvalue { i10, i10, i10, i10, i10, i10, i10, i10, i10, i10, i10, i10, i10, i10, i10, i10, i10, i10, i10, i10, i10, i10, i10, i10, i10, i10, i10, i10, i10, i10, i10, i10, i10, i10, i10, i10, i10, i10, i10, i10, i10, i10, i10, i10, i10, i10, i10, i10, i10, i10, i10, i10, i10, i10, i10, i10, i10, i10, i10, i10 } %mrv_38, i10 %array_objects_39_V_s, 39" [src/algo_unpacked.cpp:35]   --->   Operation 113 'insertvalue' 'mrv_39' <Predicate = true> <Delay = 0.00>
ST_1 : Operation 114 [1/1] (0.00ns)   --->   "%mrv_40 = insertvalue { i10, i10, i10, i10, i10, i10, i10, i10, i10, i10, i10, i10, i10, i10, i10, i10, i10, i10, i10, i10, i10, i10, i10, i10, i10, i10, i10, i10, i10, i10, i10, i10, i10, i10, i10, i10, i10, i10, i10, i10, i10, i10, i10, i10, i10, i10, i10, i10, i10, i10, i10, i10, i10, i10, i10, i10, i10, i10, i10, i10 } %mrv_39, i10 %array_objects_40_V_s, 40" [src/algo_unpacked.cpp:35]   --->   Operation 114 'insertvalue' 'mrv_40' <Predicate = true> <Delay = 0.00>
ST_1 : Operation 115 [1/1] (0.00ns)   --->   "%mrv_41 = insertvalue { i10, i10, i10, i10, i10, i10, i10, i10, i10, i10, i10, i10, i10, i10, i10, i10, i10, i10, i10, i10, i10, i10, i10, i10, i10, i10, i10, i10, i10, i10, i10, i10, i10, i10, i10, i10, i10, i10, i10, i10, i10, i10, i10, i10, i10, i10, i10, i10, i10, i10, i10, i10, i10, i10, i10, i10, i10, i10, i10, i10 } %mrv_40, i10 %array_objects_41_V_s, 41" [src/algo_unpacked.cpp:35]   --->   Operation 115 'insertvalue' 'mrv_41' <Predicate = true> <Delay = 0.00>
ST_1 : Operation 116 [1/1] (0.00ns)   --->   "%mrv_42 = insertvalue { i10, i10, i10, i10, i10, i10, i10, i10, i10, i10, i10, i10, i10, i10, i10, i10, i10, i10, i10, i10, i10, i10, i10, i10, i10, i10, i10, i10, i10, i10, i10, i10, i10, i10, i10, i10, i10, i10, i10, i10, i10, i10, i10, i10, i10, i10, i10, i10, i10, i10, i10, i10, i10, i10, i10, i10, i10, i10, i10, i10 } %mrv_41, i10 %array_objects_42_V_s, 42" [src/algo_unpacked.cpp:35]   --->   Operation 116 'insertvalue' 'mrv_42' <Predicate = true> <Delay = 0.00>
ST_1 : Operation 117 [1/1] (0.00ns)   --->   "%mrv_43 = insertvalue { i10, i10, i10, i10, i10, i10, i10, i10, i10, i10, i10, i10, i10, i10, i10, i10, i10, i10, i10, i10, i10, i10, i10, i10, i10, i10, i10, i10, i10, i10, i10, i10, i10, i10, i10, i10, i10, i10, i10, i10, i10, i10, i10, i10, i10, i10, i10, i10, i10, i10, i10, i10, i10, i10, i10, i10, i10, i10, i10, i10 } %mrv_42, i10 %array_objects_43_V_s, 43" [src/algo_unpacked.cpp:35]   --->   Operation 117 'insertvalue' 'mrv_43' <Predicate = true> <Delay = 0.00>
ST_1 : Operation 118 [1/1] (0.00ns)   --->   "%mrv_44 = insertvalue { i10, i10, i10, i10, i10, i10, i10, i10, i10, i10, i10, i10, i10, i10, i10, i10, i10, i10, i10, i10, i10, i10, i10, i10, i10, i10, i10, i10, i10, i10, i10, i10, i10, i10, i10, i10, i10, i10, i10, i10, i10, i10, i10, i10, i10, i10, i10, i10, i10, i10, i10, i10, i10, i10, i10, i10, i10, i10, i10, i10 } %mrv_43, i10 %array_objects_44_V_s, 44" [src/algo_unpacked.cpp:35]   --->   Operation 118 'insertvalue' 'mrv_44' <Predicate = true> <Delay = 0.00>
ST_1 : Operation 119 [1/1] (0.00ns)   --->   "%mrv_45 = insertvalue { i10, i10, i10, i10, i10, i10, i10, i10, i10, i10, i10, i10, i10, i10, i10, i10, i10, i10, i10, i10, i10, i10, i10, i10, i10, i10, i10, i10, i10, i10, i10, i10, i10, i10, i10, i10, i10, i10, i10, i10, i10, i10, i10, i10, i10, i10, i10, i10, i10, i10, i10, i10, i10, i10, i10, i10, i10, i10, i10, i10 } %mrv_44, i10 %array_objects_45_V_s, 45" [src/algo_unpacked.cpp:35]   --->   Operation 119 'insertvalue' 'mrv_45' <Predicate = true> <Delay = 0.00>
ST_1 : Operation 120 [1/1] (0.00ns)   --->   "%mrv_46 = insertvalue { i10, i10, i10, i10, i10, i10, i10, i10, i10, i10, i10, i10, i10, i10, i10, i10, i10, i10, i10, i10, i10, i10, i10, i10, i10, i10, i10, i10, i10, i10, i10, i10, i10, i10, i10, i10, i10, i10, i10, i10, i10, i10, i10, i10, i10, i10, i10, i10, i10, i10, i10, i10, i10, i10, i10, i10, i10, i10, i10, i10 } %mrv_45, i10 %array_objects_46_V_s, 46" [src/algo_unpacked.cpp:35]   --->   Operation 120 'insertvalue' 'mrv_46' <Predicate = true> <Delay = 0.00>
ST_1 : Operation 121 [1/1] (0.00ns)   --->   "%mrv_47 = insertvalue { i10, i10, i10, i10, i10, i10, i10, i10, i10, i10, i10, i10, i10, i10, i10, i10, i10, i10, i10, i10, i10, i10, i10, i10, i10, i10, i10, i10, i10, i10, i10, i10, i10, i10, i10, i10, i10, i10, i10, i10, i10, i10, i10, i10, i10, i10, i10, i10, i10, i10, i10, i10, i10, i10, i10, i10, i10, i10, i10, i10 } %mrv_46, i10 %array_objects_47_V_s, 47" [src/algo_unpacked.cpp:35]   --->   Operation 121 'insertvalue' 'mrv_47' <Predicate = true> <Delay = 0.00>
ST_1 : Operation 122 [1/1] (0.00ns)   --->   "%mrv_48 = insertvalue { i10, i10, i10, i10, i10, i10, i10, i10, i10, i10, i10, i10, i10, i10, i10, i10, i10, i10, i10, i10, i10, i10, i10, i10, i10, i10, i10, i10, i10, i10, i10, i10, i10, i10, i10, i10, i10, i10, i10, i10, i10, i10, i10, i10, i10, i10, i10, i10, i10, i10, i10, i10, i10, i10, i10, i10, i10, i10, i10, i10 } %mrv_47, i10 %array_objects_48_V_s, 48" [src/algo_unpacked.cpp:35]   --->   Operation 122 'insertvalue' 'mrv_48' <Predicate = true> <Delay = 0.00>
ST_1 : Operation 123 [1/1] (0.00ns)   --->   "%mrv_49 = insertvalue { i10, i10, i10, i10, i10, i10, i10, i10, i10, i10, i10, i10, i10, i10, i10, i10, i10, i10, i10, i10, i10, i10, i10, i10, i10, i10, i10, i10, i10, i10, i10, i10, i10, i10, i10, i10, i10, i10, i10, i10, i10, i10, i10, i10, i10, i10, i10, i10, i10, i10, i10, i10, i10, i10, i10, i10, i10, i10, i10, i10 } %mrv_48, i10 %array_objects_49_V_s, 49" [src/algo_unpacked.cpp:35]   --->   Operation 123 'insertvalue' 'mrv_49' <Predicate = true> <Delay = 0.00>
ST_1 : Operation 124 [1/1] (0.00ns)   --->   "%mrv_50 = insertvalue { i10, i10, i10, i10, i10, i10, i10, i10, i10, i10, i10, i10, i10, i10, i10, i10, i10, i10, i10, i10, i10, i10, i10, i10, i10, i10, i10, i10, i10, i10, i10, i10, i10, i10, i10, i10, i10, i10, i10, i10, i10, i10, i10, i10, i10, i10, i10, i10, i10, i10, i10, i10, i10, i10, i10, i10, i10, i10, i10, i10 } %mrv_49, i10 %array_objects_50_V_s, 50" [src/algo_unpacked.cpp:35]   --->   Operation 124 'insertvalue' 'mrv_50' <Predicate = true> <Delay = 0.00>
ST_1 : Operation 125 [1/1] (0.00ns)   --->   "%mrv_51 = insertvalue { i10, i10, i10, i10, i10, i10, i10, i10, i10, i10, i10, i10, i10, i10, i10, i10, i10, i10, i10, i10, i10, i10, i10, i10, i10, i10, i10, i10, i10, i10, i10, i10, i10, i10, i10, i10, i10, i10, i10, i10, i10, i10, i10, i10, i10, i10, i10, i10, i10, i10, i10, i10, i10, i10, i10, i10, i10, i10, i10, i10 } %mrv_50, i10 %array_objects_51_V_s, 51" [src/algo_unpacked.cpp:35]   --->   Operation 125 'insertvalue' 'mrv_51' <Predicate = true> <Delay = 0.00>
ST_1 : Operation 126 [1/1] (0.00ns)   --->   "%mrv_52 = insertvalue { i10, i10, i10, i10, i10, i10, i10, i10, i10, i10, i10, i10, i10, i10, i10, i10, i10, i10, i10, i10, i10, i10, i10, i10, i10, i10, i10, i10, i10, i10, i10, i10, i10, i10, i10, i10, i10, i10, i10, i10, i10, i10, i10, i10, i10, i10, i10, i10, i10, i10, i10, i10, i10, i10, i10, i10, i10, i10, i10, i10 } %mrv_51, i10 %array_objects_52_V_s, 52" [src/algo_unpacked.cpp:35]   --->   Operation 126 'insertvalue' 'mrv_52' <Predicate = true> <Delay = 0.00>
ST_1 : Operation 127 [1/1] (0.00ns)   --->   "%mrv_53 = insertvalue { i10, i10, i10, i10, i10, i10, i10, i10, i10, i10, i10, i10, i10, i10, i10, i10, i10, i10, i10, i10, i10, i10, i10, i10, i10, i10, i10, i10, i10, i10, i10, i10, i10, i10, i10, i10, i10, i10, i10, i10, i10, i10, i10, i10, i10, i10, i10, i10, i10, i10, i10, i10, i10, i10, i10, i10, i10, i10, i10, i10 } %mrv_52, i10 %array_objects_53_V_s, 53" [src/algo_unpacked.cpp:35]   --->   Operation 127 'insertvalue' 'mrv_53' <Predicate = true> <Delay = 0.00>
ST_1 : Operation 128 [1/1] (0.00ns)   --->   "%mrv_54 = insertvalue { i10, i10, i10, i10, i10, i10, i10, i10, i10, i10, i10, i10, i10, i10, i10, i10, i10, i10, i10, i10, i10, i10, i10, i10, i10, i10, i10, i10, i10, i10, i10, i10, i10, i10, i10, i10, i10, i10, i10, i10, i10, i10, i10, i10, i10, i10, i10, i10, i10, i10, i10, i10, i10, i10, i10, i10, i10, i10, i10, i10 } %mrv_53, i10 %array_objects_54_V_s, 54" [src/algo_unpacked.cpp:35]   --->   Operation 128 'insertvalue' 'mrv_54' <Predicate = true> <Delay = 0.00>
ST_1 : Operation 129 [1/1] (0.00ns)   --->   "%mrv_55 = insertvalue { i10, i10, i10, i10, i10, i10, i10, i10, i10, i10, i10, i10, i10, i10, i10, i10, i10, i10, i10, i10, i10, i10, i10, i10, i10, i10, i10, i10, i10, i10, i10, i10, i10, i10, i10, i10, i10, i10, i10, i10, i10, i10, i10, i10, i10, i10, i10, i10, i10, i10, i10, i10, i10, i10, i10, i10, i10, i10, i10, i10 } %mrv_54, i10 %array_objects_55_V_s, 55" [src/algo_unpacked.cpp:35]   --->   Operation 129 'insertvalue' 'mrv_55' <Predicate = true> <Delay = 0.00>
ST_1 : Operation 130 [1/1] (0.00ns)   --->   "%mrv_56 = insertvalue { i10, i10, i10, i10, i10, i10, i10, i10, i10, i10, i10, i10, i10, i10, i10, i10, i10, i10, i10, i10, i10, i10, i10, i10, i10, i10, i10, i10, i10, i10, i10, i10, i10, i10, i10, i10, i10, i10, i10, i10, i10, i10, i10, i10, i10, i10, i10, i10, i10, i10, i10, i10, i10, i10, i10, i10, i10, i10, i10, i10 } %mrv_55, i10 %array_objects_56_V_s, 56" [src/algo_unpacked.cpp:35]   --->   Operation 130 'insertvalue' 'mrv_56' <Predicate = true> <Delay = 0.00>
ST_1 : Operation 131 [1/1] (0.00ns)   --->   "%mrv_57 = insertvalue { i10, i10, i10, i10, i10, i10, i10, i10, i10, i10, i10, i10, i10, i10, i10, i10, i10, i10, i10, i10, i10, i10, i10, i10, i10, i10, i10, i10, i10, i10, i10, i10, i10, i10, i10, i10, i10, i10, i10, i10, i10, i10, i10, i10, i10, i10, i10, i10, i10, i10, i10, i10, i10, i10, i10, i10, i10, i10, i10, i10 } %mrv_56, i10 %array_objects_57_V_s, 57" [src/algo_unpacked.cpp:35]   --->   Operation 131 'insertvalue' 'mrv_57' <Predicate = true> <Delay = 0.00>
ST_1 : Operation 132 [1/1] (0.00ns)   --->   "%mrv_58 = insertvalue { i10, i10, i10, i10, i10, i10, i10, i10, i10, i10, i10, i10, i10, i10, i10, i10, i10, i10, i10, i10, i10, i10, i10, i10, i10, i10, i10, i10, i10, i10, i10, i10, i10, i10, i10, i10, i10, i10, i10, i10, i10, i10, i10, i10, i10, i10, i10, i10, i10, i10, i10, i10, i10, i10, i10, i10, i10, i10, i10, i10 } %mrv_57, i10 %array_objects_58_V_s, 58" [src/algo_unpacked.cpp:35]   --->   Operation 132 'insertvalue' 'mrv_58' <Predicate = true> <Delay = 0.00>
ST_1 : Operation 133 [1/1] (0.00ns)   --->   "%mrv_59 = insertvalue { i10, i10, i10, i10, i10, i10, i10, i10, i10, i10, i10, i10, i10, i10, i10, i10, i10, i10, i10, i10, i10, i10, i10, i10, i10, i10, i10, i10, i10, i10, i10, i10, i10, i10, i10, i10, i10, i10, i10, i10, i10, i10, i10, i10, i10, i10, i10, i10, i10, i10, i10, i10, i10, i10, i10, i10, i10, i10, i10, i10 } %mrv_58, i10 %array_objects_59_V_s, 59" [src/algo_unpacked.cpp:35]   --->   Operation 133 'insertvalue' 'mrv_59' <Predicate = true> <Delay = 0.00>
ST_1 : Operation 134 [1/1] (0.00ns)   --->   "ret { i10, i10, i10, i10, i10, i10, i10, i10, i10, i10, i10, i10, i10, i10, i10, i10, i10, i10, i10, i10, i10, i10, i10, i10, i10, i10, i10, i10, i10, i10, i10, i10, i10, i10, i10, i10, i10, i10, i10, i10, i10, i10, i10, i10, i10, i10, i10, i10, i10, i10, i10, i10, i10, i10, i10, i10, i10, i10, i10, i10 } %mrv_59" [src/algo_unpacked.cpp:35]   --->   Operation 134 'ret' <Predicate = true> <Delay = 0.00>


============================================================
+ Verbose Summary: Timing violations
============================================================
Target clock period: 8.33ns, clock uncertainty: 1.04ns.

 <State 1>: 0ns
The critical path consists of the following:


============================================================
+ Verbose Summary: Binding
============================================================
N/A
* FSMD analyzer results:
  - Output states:
 - Input state : 
  - Chain level:
	State 1


============================================================
+ Verbose Summary: Datapath Resource usage 
============================================================
N/A
